<?xml version="1.0" encoding="UTF-8"?>
<testng-results ignored="0" total="10" passed="7" failed="3" skipped="0">
  <reporter-output>
  </reporter-output>
  <suite started-at="2018-09-18T11:26:25Z" name="Default suite" finished-at="2018-09-18T11:28:28Z" duration-ms="122981">
    <groups>
    </groups>
    <test started-at="2018-09-18T11:26:25Z" name="Default test" finished-at="2018-09-18T11:28:28Z" duration-ms="122981">
      <class name="screen.FeedScreen">
        <test-method is-config="true" signature="setUpBeforeTest()[pri:0, instance:screen.FeedScreen@c86b9e3]" started-at="2018-09-18T11:26:25Z" name="setUpBeforeTest" finished-at="2018-09-18T11:27:12Z" duration-ms="47434" status="PASS">
          <reporter-output>
          </reporter-output>
        </test-method> <!-- setUpBeforeTest -->
        <test-method is-config="true" signature="setUpBeforeMethod()[pri:0, instance:screen.FeedScreen@c86b9e3]" started-at="2018-09-18T11:27:12Z" name="setUpBeforeMethod" finished-at="2018-09-18T11:27:12Z" duration-ms="1" status="PASS">
          <reporter-output>
          </reporter-output>
        </test-method> <!-- setUpBeforeMethod -->
        <test-method signature="verifyFeedScreenIsDisplayed()[pri:1, instance:screen.FeedScreen@c86b9e3]" started-at="2018-09-18T11:27:12Z" name="verifyFeedScreenIsDisplayed" finished-at="2018-09-18T11:27:13Z" duration-ms="537" status="PASS">
          <reporter-output>
          </reporter-output>
        </test-method> <!-- verifyFeedScreenIsDisplayed -->
        <test-method is-config="true" signature="setUpAfterMethod()[pri:0, instance:screen.FeedScreen@c86b9e3]" started-at="2018-09-18T11:27:13Z" name="setUpAfterMethod" finished-at="2018-09-18T11:27:13Z" duration-ms="1" status="PASS">
          <reporter-output>
          </reporter-output>
        </test-method> <!-- setUpAfterMethod -->
        <test-method signature="verifyBlackTipsPanelIsDisplayedWhenTapOnPostLabelAtTheFirstTime()[pri:2, instance:screen.FeedScreen@c86b9e3]" started-at="2018-09-18T11:27:13Z" name="verifyBlackTipsPanelIsDisplayedWhenTapOnPostLabelAtTheFirstTime" finished-at="2018-09-18T11:27:23Z" duration-ms="10478" status="FAIL">
          <exception class="java.lang.Exception">
            <message>
              <![CDATA[Error! Element not found!!!]]>
            </message>
            <full-stacktrace>
              <![CDATA[java.lang.Exception: Error! Element not found!!!
at common.ApplicationHelper.getElement(ApplicationHelper.java:85)
at common.FeedHelper.getHintTipsPanel(FeedHelper.java:75)
at screen.FeedScreen$Screen.getElementsBlackTipsBox(FeedScreen.java:400)
at screen.FeedScreen.verifyBlackTipsPanelIsDisplayedWhenTapOnPostLabelAtTheFirstTime(FeedScreen.java:59)
at java.base/jdk.internal.reflect.NativeMethodAccessorImpl.invoke0(Native Method)
at java.base/jdk.internal.reflect.NativeMethodAccessorImpl.invoke(Unknown Source)
at java.base/jdk.internal.reflect.DelegatingMethodAccessorImpl.invoke(Unknown Source)
at java.base/java.lang.reflect.Method.invoke(Unknown Source)
at org.testng.internal.MethodInvocationHelper.invokeMethod(MethodInvocationHelper.java:124)
at org.testng.internal.Invoker.invokeMethod(Invoker.java:583)
at org.testng.internal.Invoker.invokeTestMethod(Invoker.java:719)
at org.testng.internal.Invoker.invokeTestMethods(Invoker.java:989)
at org.testng.internal.TestMethodWorker.invokeTestMethods(TestMethodWorker.java:125)
at org.testng.internal.TestMethodWorker.run(TestMethodWorker.java:109)
at org.testng.TestRunner.privateRun(TestRunner.java:648)
at org.testng.TestRunner.run(TestRunner.java:505)
at org.testng.SuiteRunner.runTest(SuiteRunner.java:455)
at org.testng.SuiteRunner.runSequentially(SuiteRunner.java:450)
at org.testng.SuiteRunner.privateRun(SuiteRunner.java:415)
at org.testng.SuiteRunner.run(SuiteRunner.java:364)
at org.testng.SuiteRunnerWorker.runSuite(SuiteRunnerWorker.java:52)
at org.testng.SuiteRunnerWorker.run(SuiteRunnerWorker.java:84)
at org.testng.TestNG.runSuitesSequentially(TestNG.java:1208)
at org.testng.TestNG.runSuitesLocally(TestNG.java:1137)
at org.testng.TestNG.runSuites(TestNG.java:1049)
at org.testng.TestNG.run(TestNG.java:1017)
at org.testng.remote.AbstractRemoteTestNG.run(AbstractRemoteTestNG.java:114)
at org.testng.remote.RemoteTestNG.initAndRun(RemoteTestNG.java:251)
at org.testng.remote.RemoteTestNG.main(RemoteTestNG.java:77)
Caused by: org.openqa.selenium.NoSuchElementException: An element could not be located on the page using the given search parameters.
For documentation on this error, please visit: http://seleniumhq.org/exceptions/no_such_element.html
Build info: version: '3.13.0', revision: '2f0d292', time: '2018-06-25T15:32:14.902Z'
System info: host: 'DESKTOP-1V9PIPH', ip: '169.254.62.176', os.name: 'Windows 10', os.arch: 'amd64', os.version: '10.0', java.version: '10'
Driver info: io.appium.java_client.android.AndroidDriver
Capabilities {appActivity: com.anomo.uclasocial.Splash..., appPackage: com.anomo.bellevue.staging, databaseEnabled: false, desired: {appActivity: com.anomo.uclasocial.Splash..., appPackage: com.anomo.bellevue.staging, deviceName: Nexus 5, noReset: true, platformName: android, platformVersion: 6.0.1}, deviceManufacturer: LGE, deviceModel: Nexus 5, deviceName: 038c46ce0ac97606, deviceScreenSize: 1080x1920, deviceUDID: 038c46ce0ac97606, javascriptEnabled: true, locationContextEnabled: false, networkConnectionEnabled: true, noReset: true, platform: LINUX, platformName: Android, platformVersion: 6.0.1, takesScreenshot: true, warnings: {}, webStorageEnabled: false}
Session ID: bd5815b6-f78f-4e9e-a609-72c69d6d437f
*** Element info: {Using=id, value=com.anomo.bellevue.staging:id/hint}
at java.base/jdk.internal.reflect.NativeConstructorAccessorImpl.newInstance0(Native Method)
at java.base/jdk.internal.reflect.NativeConstructorAccessorImpl.newInstance(Unknown Source)
at java.base/jdk.internal.reflect.DelegatingConstructorAccessorImpl.newInstance(Unknown Source)
at java.base/java.lang.reflect.Constructor.newInstance(Unknown Source)
at org.openqa.selenium.remote.http.W3CHttpResponseCodec.createException(W3CHttpResponseCodec.java:187)
at org.openqa.selenium.remote.http.W3CHttpResponseCodec.decode(W3CHttpResponseCodec.java:122)
at org.openqa.selenium.remote.http.W3CHttpResponseCodec.decode(W3CHttpResponseCodec.java:49)
at org.openqa.selenium.remote.HttpCommandExecutor.execute(HttpCommandExecutor.java:158)
at io.appium.java_client.remote.AppiumCommandExecutor.execute(AppiumCommandExecutor.java:231)
at org.openqa.selenium.remote.RemoteWebDriver.execute(RemoteWebDriver.java:548)
at io.appium.java_client.DefaultGenericMobileDriver.execute(DefaultGenericMobileDriver.java:42)
at io.appium.java_client.AppiumDriver.execute(AppiumDriver.java:1)
at io.appium.java_client.android.AndroidDriver.execute(AndroidDriver.java:1)
at org.openqa.selenium.remote.RemoteWebDriver.findElement(RemoteWebDriver.java:322)
at io.appium.java_client.DefaultGenericMobileDriver.findElement(DefaultGenericMobileDriver.java:62)
at io.appium.java_client.AppiumDriver.findElement(AppiumDriver.java:1)
at io.appium.java_client.android.AndroidDriver.findElement(AndroidDriver.java:1)
at org.openqa.selenium.remote.RemoteWebDriver.findElementById(RemoteWebDriver.java:368)
at io.appium.java_client.DefaultGenericMobileDriver.findElementById(DefaultGenericMobileDriver.java:70)
at io.appium.java_client.AppiumDriver.findElementById(AppiumDriver.java:1)
at io.appium.java_client.android.AndroidDriver.findElementById(AndroidDriver.java:1)
at common.ApplicationHelper.getElement(ApplicationHelper.java:82)
... 28 more
]]>
            </full-stacktrace>
          </exception> <!-- java.lang.Exception -->
          <reporter-output>
          </reporter-output>
        </test-method> <!-- verifyBlackTipsPanelIsDisplayedWhenTapOnPostLabelAtTheFirstTime -->
        <test-method is-config="true" signature="setUpBeforeMethod()[pri:0, instance:screen.FeedScreen@c86b9e3]" started-at="2018-09-18T11:27:13Z" name="setUpBeforeMethod" finished-at="2018-09-18T11:27:13Z" duration-ms="0" status="PASS">
          <reporter-output>
          </reporter-output>
        </test-method> <!-- setUpBeforeMethod -->
        <test-method is-config="true" signature="setUpAfterMethod()[pri:0, instance:screen.FeedScreen@c86b9e3]" started-at="2018-09-18T11:27:23Z" name="setUpAfterMethod" finished-at="2018-09-18T11:27:23Z" duration-ms="1" status="PASS">
          <reporter-output>
          </reporter-output>
        </test-method> <!-- setUpAfterMethod -->
        <test-method is-config="true" signature="setUpBeforeMethod()[pri:0, instance:screen.FeedScreen@c86b9e3]" started-at="2018-09-18T11:27:23Z" name="setUpBeforeMethod" finished-at="2018-09-18T11:27:23Z" duration-ms="0" status="PASS">
          <reporter-output>
          </reporter-output>
        </test-method> <!-- setUpBeforeMethod -->
        <test-method signature="verifyBlackTipsPanelIsDisplayedWhenAtTheSecondTime()[pri:3, instance:screen.FeedScreen@c86b9e3]" started-at="2018-09-18T11:27:23Z" name="verifyBlackTipsPanelIsDisplayedWhenAtTheSecondTime" finished-at="2018-09-18T11:27:24Z" duration-ms="577" status="FAIL">
          <exception class="java.lang.Exception">
            <message>
              <![CDATA[Error! Element not found!!!]]>
            </message>
            <full-stacktrace>
              <![CDATA[java.lang.Exception: Error! Element not found!!!
at common.ApplicationHelper.checkElementIsDisplayed(ApplicationHelper.java:136)
at screen.FeedScreen$Screen.verifyBlackTipsPanelIsDisplayed(FeedScreen.java:406)
at screen.FeedScreen.verifyBlackTipsPanelIsDisplayedWhenAtTheSecondTime(FeedScreen.java:68)
at java.base/jdk.internal.reflect.NativeMethodAccessorImpl.invoke0(Native Method)
at java.base/jdk.internal.reflect.NativeMethodAccessorImpl.invoke(Unknown Source)
at java.base/jdk.internal.reflect.DelegatingMethodAccessorImpl.invoke(Unknown Source)
at java.base/java.lang.reflect.Method.invoke(Unknown Source)
at org.testng.internal.MethodInvocationHelper.invokeMethod(MethodInvocationHelper.java:124)
at org.testng.internal.Invoker.invokeMethod(Invoker.java:583)
at org.testng.internal.Invoker.invokeTestMethod(Invoker.java:719)
at org.testng.internal.Invoker.invokeTestMethods(Invoker.java:989)
at org.testng.internal.TestMethodWorker.invokeTestMethods(TestMethodWorker.java:125)
at org.testng.internal.TestMethodWorker.run(TestMethodWorker.java:109)
at org.testng.TestRunner.privateRun(TestRunner.java:648)
at org.testng.TestRunner.run(TestRunner.java:505)
at org.testng.SuiteRunner.runTest(SuiteRunner.java:455)
at org.testng.SuiteRunner.runSequentially(SuiteRunner.java:450)
at org.testng.SuiteRunner.privateRun(SuiteRunner.java:415)
at org.testng.SuiteRunner.run(SuiteRunner.java:364)
at org.testng.SuiteRunnerWorker.runSuite(SuiteRunnerWorker.java:52)
at org.testng.SuiteRunnerWorker.run(SuiteRunnerWorker.java:84)
at org.testng.TestNG.runSuitesSequentially(TestNG.java:1208)
at org.testng.TestNG.runSuitesLocally(TestNG.java:1137)
at org.testng.TestNG.runSuites(TestNG.java:1049)
at org.testng.TestNG.run(TestNG.java:1017)
at org.testng.remote.AbstractRemoteTestNG.run(AbstractRemoteTestNG.java:114)
at org.testng.remote.RemoteTestNG.initAndRun(RemoteTestNG.java:251)
at org.testng.remote.RemoteTestNG.main(RemoteTestNG.java:77)
Caused by: java.lang.NullPointerException
at common.ApplicationHelper.checkElementIsDisplayed(ApplicationHelper.java:133)
... 27 more
]]>
            </full-stacktrace>
          </exception> <!-- java.lang.Exception -->
          <reporter-output>
          </reporter-output>
        </test-method> <!-- verifyBlackTipsPanelIsDisplayedWhenAtTheSecondTime -->
        <test-method is-config="true" signature="setUpAfterMethod()[pri:0, instance:screen.FeedScreen@c86b9e3]" started-at="2018-09-18T11:27:24Z" name="setUpAfterMethod" finished-at="2018-09-18T11:27:24Z" duration-ms="1" status="PASS">
          <reporter-output>
          </reporter-output>
        </test-method> <!-- setUpAfterMethod -->
        <test-method is-config="true" signature="setUpBeforeMethod()[pri:0, instance:screen.FeedScreen@c86b9e3]" started-at="2018-09-18T11:27:24Z" name="setUpBeforeMethod" finished-at="2018-09-18T11:27:24Z" duration-ms="1" status="PASS">
          <reporter-output>
          </reporter-output>
        </test-method> <!-- setUpBeforeMethod -->
        <test-method signature="verifyBlackTipsPanelNotDisplayedWhenCheckedDontShowAgain()[pri:4, instance:screen.FeedScreen@c86b9e3]" started-at="2018-09-18T11:27:24Z" name="verifyBlackTipsPanelNotDisplayedWhenCheckedDontShowAgain" finished-at="2018-09-18T11:27:27Z" duration-ms="3778" status="FAIL">
          <exception class="java.lang.Exception">
            <message>
              <![CDATA[Error! This element is not enable!!!]]>
            </message>
            <full-stacktrace>
              <![CDATA[java.lang.Exception: Error! This element is not enable!!!
at common.ApplicationHelper.checkElementIsEnable(ApplicationHelper.java:154)
at common.ApplicationHelper.tapButton(ApplicationHelper.java:178)
at screen.FeedScreen$Screen.checkedDontShowAgain(FeedScreen.java:396)
at screen.FeedScreen.verifyBlackTipsPanelNotDisplayedWhenCheckedDontShowAgain(FeedScreen.java:74)
at java.base/jdk.internal.reflect.NativeMethodAccessorImpl.invoke0(Native Method)
at java.base/jdk.internal.reflect.NativeMethodAccessorImpl.invoke(Unknown Source)
at java.base/jdk.internal.reflect.DelegatingMethodAccessorImpl.invoke(Unknown Source)
at java.base/java.lang.reflect.Method.invoke(Unknown Source)
at org.testng.internal.MethodInvocationHelper.invokeMethod(MethodInvocationHelper.java:124)
at org.testng.internal.Invoker.invokeMethod(Invoker.java:583)
at org.testng.internal.Invoker.invokeTestMethod(Invoker.java:719)
at org.testng.internal.Invoker.invokeTestMethods(Invoker.java:989)
at org.testng.internal.TestMethodWorker.invokeTestMethods(TestMethodWorker.java:125)
at org.testng.internal.TestMethodWorker.run(TestMethodWorker.java:109)
at org.testng.TestRunner.privateRun(TestRunner.java:648)
at org.testng.TestRunner.run(TestRunner.java:505)
at org.testng.SuiteRunner.runTest(SuiteRunner.java:455)
at org.testng.SuiteRunner.runSequentially(SuiteRunner.java:450)
at org.testng.SuiteRunner.privateRun(SuiteRunner.java:415)
at org.testng.SuiteRunner.run(SuiteRunner.java:364)
at org.testng.SuiteRunnerWorker.runSuite(SuiteRunnerWorker.java:52)
at org.testng.SuiteRunnerWorker.run(SuiteRunnerWorker.java:84)
at org.testng.TestNG.runSuitesSequentially(TestNG.java:1208)
at org.testng.TestNG.runSuitesLocally(TestNG.java:1137)
at org.testng.TestNG.runSuites(TestNG.java:1049)
at org.testng.TestNG.run(TestNG.java:1017)
at org.testng.remote.AbstractRemoteTestNG.run(AbstractRemoteTestNG.java:114)
at org.testng.remote.RemoteTestNG.initAndRun(RemoteTestNG.java:251)
at org.testng.remote.RemoteTestNG.main(RemoteTestNG.java:77)
Caused by: java.lang.NullPointerException
at common.ApplicationHelper.checkElementIsEnable(ApplicationHelper.java:151)
... 28 more
]]>
            </full-stacktrace>
          </exception> <!-- java.lang.Exception -->
          <reporter-output>
          </reporter-output>
        </test-method> <!-- verifyBlackTipsPanelNotDisplayedWhenCheckedDontShowAgain -->
        <test-method is-config="true" signature="setUpBeforeMethod()[pri:0, instance:screen.FeedScreen@c86b9e3]" started-at="2018-09-18T11:27:27Z" name="setUpBeforeMethod" finished-at="2018-09-18T11:27:27Z" duration-ms="0" status="PASS">
          <reporter-output>
          </reporter-output>
        </test-method> <!-- setUpBeforeMethod -->
        <test-method is-config="true" signature="setUpAfterMethod()[pri:0, instance:screen.FeedScreen@c86b9e3]" started-at="2018-09-18T11:27:27Z" name="setUpAfterMethod" finished-at="2018-09-18T11:27:27Z" duration-ms="0" status="PASS">
          <reporter-output>
          </reporter-output>
        </test-method> <!-- setUpAfterMethod -->
        <test-method signature="verifyInputStatusPanelIsDisplayeAfterCheckDontShowAgain()[pri:5, instance:screen.FeedScreen@c86b9e3]" started-at="2018-09-18T11:27:27Z" name="verifyInputStatusPanelIsDisplayeAfterCheckDontShowAgain" finished-at="2018-09-18T11:27:37Z" duration-ms="9690" status="PASS">
          <reporter-output>
          </reporter-output>
        </test-method> <!-- verifyInputStatusPanelIsDisplayeAfterCheckDontShowAgain -->
        <test-method is-config="true" signature="setUpAfterMethod()[pri:0, instance:screen.FeedScreen@c86b9e3]" started-at="2018-09-18T11:27:37Z" name="setUpAfterMethod" finished-at="2018-09-18T11:27:37Z" duration-ms="0" status="PASS">
          <reporter-output>
          </reporter-output>
        </test-method> <!-- setUpAfterMethod -->
        <test-method is-config="true" signature="setUpBeforeMethod()[pri:0, instance:screen.FeedScreen@c86b9e3]" started-at="2018-09-18T11:27:37Z" name="setUpBeforeMethod" finished-at="2018-09-18T11:27:37Z" duration-ms="0" status="PASS">
          <reporter-output>
          </reporter-output>
        </test-method> <!-- setUpBeforeMethod -->
        <test-method signature="verifyPostButtonIsDisableWWithEmptyContent()[pri:6, instance:screen.FeedScreen@c86b9e3]" started-at="2018-09-18T11:27:37Z" name="verifyPostButtonIsDisableWWithEmptyContent" finished-at="2018-09-18T11:27:46Z" duration-ms="9225" status="PASS">
          <reporter-output>
          </reporter-output>
        </test-method> <!-- verifyPostButtonIsDisableWWithEmptyContent -->
        <test-method is-config="true" signature="setUpAfterMethod()[pri:0, instance:screen.FeedScreen@c86b9e3]" started-at="2018-09-18T11:27:46Z" name="setUpAfterMethod" finished-at="2018-09-18T11:27:46Z" duration-ms="0" status="PASS">
          <reporter-output>
          </reporter-output>
        </test-method> <!-- setUpAfterMethod -->
        <test-method is-config="true" signature="setUpBeforeMethod()[pri:0, instance:screen.FeedScreen@c86b9e3]" started-at="2018-09-18T11:27:46Z" name="setUpBeforeMethod" finished-at="2018-09-18T11:27:46Z" duration-ms="0" status="PASS">
          <reporter-output>
          </reporter-output>
        </test-method> <!-- setUpBeforeMethod -->
        <test-method signature="postStatus()[pri:7, instance:screen.FeedScreen@c86b9e3]" started-at="2018-09-18T11:27:46Z" name="postStatus" finished-at="2018-09-18T11:27:58Z" duration-ms="11316" status="PASS">
          <reporter-output>
          </reporter-output>
        </test-method> <!-- postStatus -->
        <test-method is-config="true" signature="setUpAfterMethod()[pri:0, instance:screen.FeedScreen@c86b9e3]" started-at="2018-09-18T11:27:58Z" name="setUpAfterMethod" finished-at="2018-09-18T11:27:58Z" duration-ms="0" status="PASS">
          <reporter-output>
          </reporter-output>
        </test-method> <!-- setUpAfterMethod -->
        <test-method is-config="true" signature="setUpBeforeMethod()[pri:0, instance:screen.FeedScreen@c86b9e3]" started-at="2018-09-18T11:27:58Z" name="setUpBeforeMethod" finished-at="2018-09-18T11:27:58Z" duration-ms="1" status="PASS">
          <reporter-output>
          </reporter-output>
        </test-method> <!-- setUpBeforeMethod -->
        <test-method signature="likePost()[pri:8, instance:screen.FeedScreen@c86b9e3]" started-at="2018-09-18T11:27:58Z" name="likePost" finished-at="2018-09-18T11:27:59Z" duration-ms="1711" status="PASS">
          <reporter-output>
          </reporter-output>
        </test-method> <!-- likePost -->
        <test-method is-config="true" signature="setUpAfterMethod()[pri:0, instance:screen.FeedScreen@c86b9e3]" started-at="2018-09-18T11:27:59Z" name="setUpAfterMethod" finished-at="2018-09-18T11:27:59Z" duration-ms="0" status="PASS">
          <reporter-output>
          </reporter-output>
        </test-method> <!-- setUpAfterMethod -->
        <test-method is-config="true" signature="setUpBeforeMethod()[pri:0, instance:screen.FeedScreen@c86b9e3]" started-at="2018-09-18T11:27:59Z" name="setUpBeforeMethod" finished-at="2018-09-18T11:27:59Z" duration-ms="0" status="PASS">
          <reporter-output>
          </reporter-output>
        </test-method> <!-- setUpBeforeMethod -->
        <test-method signature="unLikePost()[pri:9, instance:screen.FeedScreen@c86b9e3]" started-at="2018-09-18T11:27:59Z" name="unLikePost" finished-at="2018-09-18T11:28:01Z" duration-ms="1538" status="PASS">
          <reporter-output>
          </reporter-output>
        </test-method> <!-- unLikePost -->
        <test-method is-config="true" signature="setUpAfterMethod()[pri:0, instance:screen.FeedScreen@c86b9e3]" started-at="2018-09-18T11:28:01Z" name="setUpAfterMethod" finished-at="2018-09-18T11:28:01Z" duration-ms="1" status="PASS">
          <reporter-output>
          </reporter-output>
        </test-method> <!-- setUpAfterMethod -->
        <test-method is-config="true" signature="setUpBeforeMethod()[pri:0, instance:screen.FeedScreen@c86b9e3]" started-at="2018-09-18T11:28:01Z" name="setUpBeforeMethod" finished-at="2018-09-18T11:28:01Z" duration-ms="1" status="PASS">
          <reporter-output>
          </reporter-output>
        </test-method> <!-- setUpBeforeMethod -->
        <test-method signature="commentPost()[pri:10, instance:screen.FeedScreen@c86b9e3]" started-at="2018-09-18T11:28:01Z" name="commentPost" finished-at="2018-09-18T11:28:17Z" duration-ms="16111" status="PASS">
          <reporter-output>
          </reporter-output>
        </test-method> <!-- commentPost -->
        <test-method is-config="true" signature="setUpAfterTest()[pri:0, instance:screen.FeedScreen@c86b9e3]" started-at="2018-09-18T11:28:17Z" name="setUpAfterTest" finished-at="2018-09-18T11:28:28Z" duration-ms="10518" status="PASS">
          <reporter-output>
          </reporter-output>
        </test-method> <!-- setUpAfterTest -->
        <test-method is-config="true" signature="setUpAfterMethod()[pri:0, instance:screen.FeedScreen@c86b9e3]" started-at="2018-09-18T11:28:17Z" name="setUpAfterMethod" finished-at="2018-09-18T11:28:17Z" duration-ms="0" status="PASS">
          <reporter-output>
          </reporter-output>
        </test-method> <!-- setUpAfterMethod -->
      </class> <!-- screen.FeedScreen -->
    </test> <!-- Default test -->
  </suite> <!-- Default suite -->
</testng-results>
