<?xml version="1.0" encoding="UTF-8"?>
<!-- Generated by org.testng.reporters.JUnitXMLReporter -->
<testsuite ignored="0" hostname="DESKTOP-1V9PIPH" failures="0" tests="7" name="Default test" time="122.53" errors="0" timestamp="10 Sep 2018 10:03:44 GMT">
  <testcase classname="screen.SignInScreen" name="verifySignInScreenIsDisplayed" time="0.563"/>
  <testcase classname="screen.SignInScreen" name="signInWithValidCredentials" time="23.727"/>
  <testcase classname="screen.SignInScreen" name="signInWithValidUsernameAndInvalidPassword" time="18.329"/>
  <testcase classname="screen.SignInScreen" name="signInWithInvalidUsernameAndValidPassword" time="17.993"/>
  <testcase classname="screen.SignInScreen" name="signInWithBlankUsernameField" time="11.319"/>
  <testcase classname="screen.SignInScreen" name="signInWithBlankPasswordField" time="11.637"/>
  <testcase classname="screen.SignInScreen" name="redirectToForgotPasswordScreen" time="4.154"/>
</testsuite> <!-- Default test -->
